# JRE version: Java(TM) SE Runtime Environment (7.0_45-b18) (build 1.7.0_45-b18)
# Java VM: Java HotSpot(TM) 64-Bit Server VM (24.45-b08 mixed mode linux-amd64 compressed oops)
Heap
 PSYoungGen      total 118272K, used 102991K [0x00000000ebe00000, 0x00000000faf00000, 0x0000000100000000)
  eden space 23040K, 33% used [0x00000000ebe00000,0x00000000ec5940a8,0x00000000ed480000)
  from space 95232K, 99% used [0x00000000ed480000,0x00000000f317fcd8,0x00000000f3180000)
  to   space 109568K, 0% used [0x00000000f4400000,0x00000000f4400000,0x00000000faf00000)
 ParOldGen       total 214528K, used 156602K [0x00000000c3a00000, 0x00000000d0b80000, 0x00000000ebe00000)
  object space 214528K, 72% used [0x00000000c3a00000,0x00000000cd2eea60,0x00000000d0b80000)
 PSPermGen       total 22528K, used 10183K [0x00000000be800000, 0x00000000bfe00000, 0x00000000c3a00000)
  object space 22528K, 45% used [0x00000000be800000,0x00000000bf1f1f90,0x00000000bfe00000)
GC Heap History (10 events):
Event: 21,144 GC heap before
{Heap before GC invocations=12 (full 3):
 PSYoungGen      total 84480K, used 54879K [0x00000000ebe00000, 0x00000000f6000000, 0x0000000100000000)
  eden space 25600K, 0% used [0x00000000ebe00000,0x00000000ebe00000,0x00000000ed700000)
  from space 58880K, 93% used [0x00000000ed700000,0x00000000f0c97d50,0x00000000f1080000)
  to   space 67072K, 0% used [0x00000000f1e80000,0x00000000f1e80000,0x00000000f6000000)
 ParOldGen       total 130560K, used 106277K [0x00000000c3a00000, 0x00000000cb980000, 0x00000000ebe00000)
  object space 130560K, 81% used [0x00000000c3a00000,0x00000000ca1c9668,0x00000000cb980000)
 PSPermGen       total 23040K, used 10183K [0x00000000be800000, 0x00000000bfe80000, 0x00000000c3a00000)
  object space 23040K, 44% used [0x00000000be800000,0x00000000bf1f1f90,0x00000000bfe80000)
Event: 22,270 GC heap after
Heap after GC invocations=12 (full 3):
 PSYoungGen      total 84480K, used 29694K [0x00000000ebe00000, 0x00000000f6000000, 0x0000000100000000)
  eden space 25600K, 0% used [0x00000000ebe00000,0x00000000ebe00000,0x00000000ed700000)
  from space 58880K, 50% used [0x00000000ed700000,0x00000000ef3ff9e8,0x00000000f1080000)
  to   space 67072K, 0% used [0x00000000f1e80000,0x00000000f1e80000,0x00000000f6000000)
 ParOldGen       total 214528K, used 130170K [0x00000000c3a00000, 0x00000000d0b80000, 0x00000000ebe00000)
  object space 214528K, 60% used [0x00000000c3a00000,0x00000000cb91ea60,0x00000000d0b80000)
 PSPermGen       total 22528K, used 10183K [0x00000000be800000, 0x00000000bfe00000, 0x00000000c3a00000)
  object space 22528K, 45% used [0x00000000be800000,0x00000000bf1f1f90,0x00000000bfe00000)
}
Event: 26,502 GC heap before
{Heap before GC invocations=13 (full 3):
 PSYoungGen      total 84480K, used 55294K [0x00000000ebe00000, 0x00000000f6000000, 0x0000000100000000)
  eden space 25600K, 100% used [0x00000000ebe00000,0x00000000ed700000,0x00000000ed700000)
  from space 58880K, 50% used [0x00000000ed700000,0x00000000ef3ff9e8,0x00000000f1080000)
  to   space 67072K, 0% used [0x00000000f1e80000,0x00000000f1e80000,0x00000000f6000000)
 ParOldGen       total 214528K, used 130170K [0x00000000c3a00000, 0x00000000d0b80000, 0x00000000ebe00000)
  object space 214528K, 60% used [0x00000000c3a00000,0x00000000cb91ea60,0x00000000d0b80000)
 PSPermGen       total 22528K, used 10183K [0x00000000be800000, 0x00000000bfe00000, 0x00000000c3a00000)
  object space 22528K, 45% used [0x00000000be800000,0x00000000bf1f1f90,0x00000000bfe00000)
Event: 26,870 GC heap after
Heap after GC invocations=13 (full 3):
 PSYoungGen      total 93696K, used 52945K [0x00000000ebe00000, 0x00000000f6a80000, 0x0000000100000000)
  eden space 26624K, 0% used [0x00000000ebe00000,0x00000000ebe00000,0x00000000ed800000)
  from space 67072K, 78% used [0x00000000f1e80000,0x00000000f52346e0,0x00000000f6000000)
  to   space 72192K, 0% used [0x00000000ed800000,0x00000000ed800000,0x00000000f1e80000)
 ParOldGen       total 214528K, used 130170K [0x00000000c3a00000, 0x00000000d0b80000, 0x00000000ebe00000)
  object space 214528K, 60% used [0x00000000c3a00000,0x00000000cb91ea60,0x00000000d0b80000)
 PSPermGen       total 22528K, used 10183K [0x00000000be800000, 0x00000000bfe00000, 0x00000000c3a00000)
  object space 22528K, 45% used [0x00000000be800000,0x00000000bf1f1f90,0x00000000bfe00000)
}
Event: 31,484 GC heap before
{Heap before GC invocations=14 (full 3):
 PSYoungGen      total 93696K, used 79569K [0x00000000ebe00000, 0x00000000f6a80000, 0x0000000100000000)
  eden space 26624K, 100% used [0x00000000ebe00000,0x00000000ed800000,0x00000000ed800000)
  from space 67072K, 78% used [0x00000000f1e80000,0x00000000f52346e0,0x00000000f6000000)
  to   space 72192K, 0% used [0x00000000ed800000,0x00000000ed800000,0x00000000f1e80000)
 ParOldGen       total 214528K, used 130170K [0x00000000c3a00000, 0x00000000d0b80000, 0x00000000ebe00000)
  object space 214528K, 60% used [0x00000000c3a00000,0x00000000cb91ea60,0x00000000d0b80000)
 PSPermGen       total 22528K, used 10183K [0x00000000be800000, 0x00000000bfe00000, 0x00000000c3a00000)
  object space 22528K, 45% used [0x00000000be800000,0x00000000bf1f1f90,0x00000000bfe00000)
Event: 31,763 GC heap after
Heap after GC invocations=14 (full 3):
 PSYoungGen      total 98816K, used 72191K [0x00000000ebe00000, 0x00000000f8480000, 0x0000000100000000)
  eden space 26624K, 0% used [0x00000000ebe00000,0x00000000ebe00000,0x00000000ed800000)
  from space 72192K, 99% used [0x00000000ed800000,0x00000000f1e7fcd8,0x00000000f1e80000)
  to   space 84992K, 0% used [0x00000000f3180000,0x00000000f3180000,0x00000000f8480000)
 ParOldGen       total 214528K, used 134922K [0x00000000c3a00000, 0x00000000d0b80000, 0x00000000ebe00000)
  object space 214528K, 62% used [0x00000000c3a00000,0x00000000cbdc2a60,0x00000000d0b80000)
 PSPermGen       total 22528K, used 10183K [0x00000000be800000, 0x00000000bfe00000, 0x00000000c3a00000)
  object space 22528K, 45% used [0x00000000be800000,0x00000000bf1f1f90,0x00000000bfe00000)
}
Event: 37,931 GC heap before
{Heap before GC invocations=15 (full 3):
 PSYoungGen      total 98816K, used 98815K [0x00000000ebe00000, 0x00000000f8480000, 0x0000000100000000)
  eden space 26624K, 100% used [0x00000000ebe00000,0x00000000ed800000,0x00000000ed800000)
  from space 72192K, 99% used [0x00000000ed800000,0x00000000f1e7fcd8,0x00000000f1e80000)
  to   space 84992K, 0% used [0x00000000f3180000,0x00000000f3180000,0x00000000f8480000)
 ParOldGen       total 214528K, used 134922K [0x00000000c3a00000, 0x00000000d0b80000, 0x00000000ebe00000)
  object space 214528K, 62% used [0x00000000c3a00000,0x00000000cbdc2a60,0x00000000d0b80000)
 PSPermGen       total 22528K, used 10183K [0x00000000be800000, 0x00000000bfe00000, 0x00000000c3a00000)
  object space 22528K, 45% used [0x00000000be800000,0x00000000bf1f1f90,0x00000000bfe00000)
Event: 38,079 GC heap after
Heap after GC invocations=15 (full 3):
 PSYoungGen      total 108032K, used 75935K [0x00000000ebe00000, 0x00000000f9800000, 0x0000000100000000)
  eden space 23040K, 0% used [0x00000000ebe00000,0x00000000ebe00000,0x00000000ed480000)
  from space 84992K, 89% used [0x00000000f3180000,0x00000000f7ba7cd8,0x00000000f8480000)
  to   space 95232K, 0% used [0x00000000ed480000,0x00000000ed480000,0x00000000f3180000)
 ParOldGen       total 214528K, used 155282K [0x00000000c3a00000, 0x00000000d0b80000, 0x00000000ebe00000)
  object space 214528K, 72% used [0x00000000c3a00000,0x00000000cd1a4a60,0x00000000d0b80000)
 PSPermGen       total 22528K, used 10183K [0x00000000be800000, 0x00000000bfe00000, 0x00000000c3a00000)
  object space 22528K, 45% used [0x00000000be800000,0x00000000bf1f1f90,0x00000000bfe00000)
}
Event: 44,846 GC heap before
{Heap before GC invocations=16 (full 3):
 PSYoungGen      total 108032K, used 98975K [0x00000000ebe00000, 0x00000000f9800000, 0x0000000100000000)
  eden space 23040K, 100% used [0x00000000ebe00000,0x00000000ed480000,0x00000000ed480000)
  from space 84992K, 89% used [0x00000000f3180000,0x00000000f7ba7cd8,0x00000000f8480000)
  to   space 95232K, 0% used [0x00000000ed480000,0x00000000ed480000,0x00000000f3180000)
 ParOldGen       total 214528K, used 155282K [0x00000000c3a00000, 0x00000000d0b80000, 0x00000000ebe00000)
  object space 214528K, 72% used [0x00000000c3a00000,0x00000000cd1a4a60,0x00000000d0b80000)
 PSPermGen       total 22528K, used 10183K [0x00000000be800000, 0x00000000bfe00000, 0x00000000c3a00000)
  object space 22528K, 45% used [0x00000000be800000,0x00000000bf1f1f90,0x00000000bfe00000)
Event: 45,020 GC heap after
Heap after GC invocations=16 (full 3):
 PSYoungGen      total 118272K, used 95231K [0x00000000ebe00000, 0x00000000faf00000, 0x0000000100000000)
  eden space 23040K, 0% used [0x00000000ebe00000,0x00000000ebe00000,0x00000000ed480000)
  from space 95232K, 99% used [0x00000000ed480000,0x00000000f317fcd8,0x00000000f3180000)
  to   space 109568K, 0% used [0x00000000f4400000,0x00000000f4400000,0x00000000faf00000)
 ParOldGen       total 214528K, used 156602K [0x00000000c3a00000, 0x00000000d0b80000, 0x00000000ebe00000)
  object space 214528K, 72% used [0x00000000c3a00000,0x00000000cd2eea60,0x00000000d0b80000)
 PSPermGen       total 22528K, used 10183K [0x00000000be800000, 0x00000000bfe00000, 0x00000000c3a00000)
  object space 22528K, 45% used [0x00000000be800000,0x00000000bf1f1f90,0x00000000bfe00000)
}

