# JRE version: Java(TM) SE Runtime Environment (7.0_45-b18) (build 1.7.0_45-b18)
# Java VM: Java HotSpot(TM) 64-Bit Server VM (24.45-b08 mixed mode linux-amd64 compressed oops)
Heap
 PSYoungGen      total 206848K, used 99327K [0x00000000ebe00000, 0x00000000ff500000, 0x0000000100000000)
  eden space 99328K, 99% used [0x00000000ebe00000,0x00000000f1effff8,0x00000000f1f00000)
  from space 107520K, 0% used [0x00000000f8c00000,0x00000000f8c00000,0x00000000ff500000)
  to   space 109568K, 0% used [0x00000000f1f00000,0x00000000f1f00000,0x00000000f8a00000)
 ParOldGen       total 659456K, used 659240K [0x00000000c3a00000, 0x00000000ebe00000, 0x00000000ebe00000)
  object space 659456K, 99% used [0x00000000c3a00000,0x00000000ebdca130,0x00000000ebe00000)
 PSPermGen       total 21504K, used 10703K [0x00000000be800000, 0x00000000bfd00000, 0x00000000c3a00000)
  object space 21504K, 49% used [0x00000000be800000,0x00000000bf273f88,0x00000000bfd00000)
GC Heap History (10 events):
Event: 106,805 GC heap after
Heap after GC invocations=58 (full 40):
 PSYoungGen      total 206848K, used 99327K [0x00000000ebe00000, 0x00000000ff500000, 0x0000000100000000)
  eden space 99328K, 99% used [0x00000000ebe00000,0x00000000f1effff8,0x00000000f1f00000)
  from space 107520K, 0% used [0x00000000f8c00000,0x00000000f8c00000,0x00000000ff500000)
  to   space 109568K, 0% used [0x00000000f1f00000,0x00000000f1f00000,0x00000000f8a00000)
 ParOldGen       total 659456K, used 659225K [0x00000000c3a00000, 0x00000000ebe00000, 0x00000000ebe00000)
  object space 659456K, 99% used [0x00000000c3a00000,0x00000000ebdc6538,0x00000000ebe00000)
 PSPermGen       total 21504K, used 10703K [0x00000000be800000, 0x00000000bfd00000, 0x00000000c3a00000)
  object space 21504K, 49% used [0x00000000be800000,0x00000000bf273f88,0x00000000bfd00000)
}
Event: 106,805 GC heap before
{Heap before GC invocations=59 (full 41):
 PSYoungGen      total 206848K, used 99327K [0x00000000ebe00000, 0x00000000ff500000, 0x0000000100000000)
  eden space 99328K, 99% used [0x00000000ebe00000,0x00000000f1effff8,0x00000000f1f00000)
  from space 107520K, 0% used [0x00000000f8c00000,0x00000000f8c00000,0x00000000ff500000)
  to   space 109568K, 0% used [0x00000000f1f00000,0x00000000f1f00000,0x00000000f8a00000)
 ParOldGen       total 659456K, used 659227K [0x00000000c3a00000, 0x00000000ebe00000, 0x00000000ebe00000)
  object space 659456K, 99% used [0x00000000c3a00000,0x00000000ebdc6fb0,0x00000000ebe00000)
 PSPermGen       total 21504K, used 10703K [0x00000000be800000, 0x00000000bfd00000, 0x00000000c3a00000)
  object space 21504K, 49% used [0x00000000be800000,0x00000000bf273f88,0x00000000bfd00000)
Event: 107,882 GC heap after
Heap after GC invocations=59 (full 41):
 PSYoungGen      total 206848K, used 99327K [0x00000000ebe00000, 0x00000000ff500000, 0x0000000100000000)
  eden space 99328K, 99% used [0x00000000ebe00000,0x00000000f1effff8,0x00000000f1f00000)
  from space 107520K, 0% used [0x00000000f8c00000,0x00000000f8c00000,0x00000000ff500000)
  to   space 109568K, 0% used [0x00000000f1f00000,0x00000000f1f00000,0x00000000f8a00000)
 ParOldGen       total 659456K, used 659227K [0x00000000c3a00000, 0x00000000ebe00000, 0x00000000ebe00000)
  object space 659456K, 99% used [0x00000000c3a00000,0x00000000ebdc6fb0,0x00000000ebe00000)
 PSPermGen       total 21504K, used 10703K [0x00000000be800000, 0x00000000bfd00000, 0x00000000c3a00000)
  object space 21504K, 49% used [0x00000000be800000,0x00000000bf273f88,0x00000000bfd00000)
}
Event: 107,882 GC heap before
{Heap before GC invocations=60 (full 42):
 PSYoungGen      total 206848K, used 99327K [0x00000000ebe00000, 0x00000000ff500000, 0x0000000100000000)
  eden space 99328K, 99% used [0x00000000ebe00000,0x00000000f1effff8,0x00000000f1f00000)
  from space 107520K, 0% used [0x00000000f8c00000,0x00000000f8c00000,0x00000000ff500000)
  to   space 109568K, 0% used [0x00000000f1f00000,0x00000000f1f00000,0x00000000f8a00000)
 ParOldGen       total 659456K, used 659230K [0x00000000c3a00000, 0x00000000ebe00000, 0x00000000ebe00000)
  object space 659456K, 99% used [0x00000000c3a00000,0x00000000ebdc7970,0x00000000ebe00000)
 PSPermGen       total 21504K, used 10703K [0x00000000be800000, 0x00000000bfd00000, 0x00000000c3a00000)
  object space 21504K, 49% used [0x00000000be800000,0x00000000bf273f88,0x00000000bfd00000)
Event: 109,365 GC heap after
Heap after GC invocations=60 (full 42):
 PSYoungGen      total 206848K, used 99327K [0x00000000ebe00000, 0x00000000ff500000, 0x0000000100000000)
  eden space 99328K, 99% used [0x00000000ebe00000,0x00000000f1effff8,0x00000000f1f00000)
  from space 107520K, 0% used [0x00000000f8c00000,0x00000000f8c00000,0x00000000ff500000)
  to   space 109568K, 0% used [0x00000000f1f00000,0x00000000f1f00000,0x00000000f8a00000)
 ParOldGen       total 659456K, used 659230K [0x00000000c3a00000, 0x00000000ebe00000, 0x00000000ebe00000)
  object space 659456K, 99% used [0x00000000c3a00000,0x00000000ebdc7970,0x00000000ebe00000)
 PSPermGen       total 21504K, used 10703K [0x00000000be800000, 0x00000000bfd00000, 0x00000000c3a00000)
  object space 21504K, 49% used [0x00000000be800000,0x00000000bf273f88,0x00000000bfd00000)
}
Event: 109,365 GC heap before
{Heap before GC invocations=61 (full 43):
 PSYoungGen      total 206848K, used 99327K [0x00000000ebe00000, 0x00000000ff500000, 0x0000000100000000)
  eden space 99328K, 99% used [0x00000000ebe00000,0x00000000f1effff8,0x00000000f1f00000)
  from space 107520K, 0% used [0x00000000f8c00000,0x00000000f8c00000,0x00000000ff500000)
  to   space 109568K, 0% used [0x00000000f1f00000,0x00000000f1f00000,0x00000000f8a00000)
 ParOldGen       total 659456K, used 659232K [0x00000000c3a00000, 0x00000000ebe00000, 0x00000000ebe00000)
  object space 659456K, 99% used [0x00000000c3a00000,0x00000000ebdc8300,0x00000000ebe00000)
 PSPermGen       total 21504K, used 10703K [0x00000000be800000, 0x00000000bfd00000, 0x00000000c3a00000)
  object space 21504K, 49% used [0x00000000be800000,0x00000000bf273f88,0x00000000bfd00000)
Event: 110,532 GC heap after
Heap after GC invocations=61 (full 43):
 PSYoungGen      total 206848K, used 99327K [0x00000000ebe00000, 0x00000000ff500000, 0x0000000100000000)
  eden space 99328K, 99% used [0x00000000ebe00000,0x00000000f1effff8,0x00000000f1f00000)
  from space 107520K, 0% used [0x00000000f8c00000,0x00000000f8c00000,0x00000000ff500000)
  to   space 109568K, 0% used [0x00000000f1f00000,0x00000000f1f00000,0x00000000f8a00000)
 ParOldGen       total 659456K, used 659232K [0x00000000c3a00000, 0x00000000ebe00000, 0x00000000ebe00000)
  object space 659456K, 99% used [0x00000000c3a00000,0x00000000ebdc8300,0x00000000ebe00000)
 PSPermGen       total 21504K, used 10703K [0x00000000be800000, 0x00000000bfd00000, 0x00000000c3a00000)
  object space 21504K, 49% used [0x00000000be800000,0x00000000bf273f88,0x00000000bfd00000)
}
Event: 110,532 GC heap before
{Heap before GC invocations=62 (full 44):
 PSYoungGen      total 206848K, used 99327K [0x00000000ebe00000, 0x00000000ff500000, 0x0000000100000000)
  eden space 99328K, 99% used [0x00000000ebe00000,0x00000000f1effff8,0x00000000f1f00000)
  from space 107520K, 0% used [0x00000000f8c00000,0x00000000f8c00000,0x00000000ff500000)
  to   space 109568K, 0% used [0x00000000f1f00000,0x00000000f1f00000,0x00000000f8a00000)
 ParOldGen       total 659456K, used 659235K [0x00000000c3a00000, 0x00000000ebe00000, 0x00000000ebe00000)
  object space 659456K, 99% used [0x00000000c3a00000,0x00000000ebdc8d80,0x00000000ebe00000)
 PSPermGen       total 21504K, used 10703K [0x00000000be800000, 0x00000000bfd00000, 0x00000000c3a00000)
  object space 21504K, 49% used [0x00000000be800000,0x00000000bf273f88,0x00000000bfd00000)
Event: 111,611 GC heap after
Heap after GC invocations=62 (full 44):
 PSYoungGen      total 206848K, used 99327K [0x00000000ebe00000, 0x00000000ff500000, 0x0000000100000000)
  eden space 99328K, 99% used [0x00000000ebe00000,0x00000000f1effff8,0x00000000f1f00000)
  from space 107520K, 0% used [0x00000000f8c00000,0x00000000f8c00000,0x00000000ff500000)
  to   space 109568K, 0% used [0x00000000f1f00000,0x00000000f1f00000,0x00000000f8a00000)
 ParOldGen       total 659456K, used 659235K [0x00000000c3a00000, 0x00000000ebe00000, 0x00000000ebe00000)
  object space 659456K, 99% used [0x00000000c3a00000,0x00000000ebdc8d80,0x00000000ebe00000)
 PSPermGen       total 21504K, used 10703K [0x00000000be800000, 0x00000000bfd00000, 0x00000000c3a00000)
  object space 21504K, 49% used [0x00000000be800000,0x00000000bf273f88,0x00000000bfd00000)
}
Event: 111,611 GC heap before
{Heap before GC invocations=63 (full 45):
 PSYoungGen      total 206848K, used 99327K [0x00000000ebe00000, 0x00000000ff500000, 0x0000000100000000)
  eden space 99328K, 99% used [0x00000000ebe00000,0x00000000f1effff8,0x00000000f1f00000)
  from space 107520K, 0% used [0x00000000f8c00000,0x00000000f8c00000,0x00000000ff500000)
  to   space 109568K, 0% used [0x00000000f1f00000,0x00000000f1f00000,0x00000000f8a00000)
 ParOldGen       total 659456K, used 659237K [0x00000000c3a00000, 0x00000000ebe00000, 0x00000000ebe00000)
  object space 659456K, 99% used [0x00000000c3a00000,0x00000000ebdc96b8,0x00000000ebe00000)
 PSPermGen       total 21504K, used 10703K [0x00000000be800000, 0x00000000bfd00000, 0x00000000c3a00000)
  object space 21504K, 49% used [0x00000000be800000,0x00000000bf273f88,0x00000000bfd00000)

