# JRE version: Java(TM) SE Runtime Environment (7.0_45-b18) (build 1.7.0_45-b18)
# Java VM: Java HotSpot(TM) 64-Bit Server VM (24.45-b08 mixed mode linux-amd64 compressed oops)
Heap
 PSYoungGen      total 83968K, used 36753K [0x00000000ebe00000, 0x00000000f5f00000, 0x0000000100000000)
  eden space 17408K, 51% used [0x00000000ebe00000,0x00000000ec6c88c8,0x00000000ecf00000)
  from space 66560K, 41% used [0x00000000ecf00000,0x00000000eea1bc80,0x00000000f1000000)
  to   space 72704K, 0% used [0x00000000f1800000,0x00000000f1800000,0x00000000f5f00000)
 ParOldGen       total 237056K, used 142439K [0x00000000c3a00000, 0x00000000d2180000, 0x00000000ebe00000)
  object space 237056K, 60% used [0x00000000c3a00000,0x00000000cc519e70,0x00000000d2180000)
 PSPermGen       total 22528K, used 10173K [0x00000000be800000, 0x00000000bfe00000, 0x00000000c3a00000)
  object space 22528K, 45% used [0x00000000be800000,0x00000000bf1ef458,0x00000000bfe00000)
GC Heap History (10 events):
Event: 6,339 GC heap before
{Heap before GC invocations=8 (full 2):
 PSYoungGen      total 34304K, used 31744K [0x00000000ebe00000, 0x00000000f1900000, 0x0000000100000000)
  eden space 31744K, 100% used [0x00000000ebe00000,0x00000000edd00000,0x00000000edd00000)
  from space 2560K, 0% used [0x00000000edd00000,0x00000000edd00000,0x00000000edf80000)
  to   space 30208K, 0% used [0x00000000efb80000,0x00000000efb80000,0x00000000f1900000)
 ParOldGen       total 142848K, used 70264K [0x00000000c3a00000, 0x00000000cc580000, 0x00000000ebe00000)
  object space 142848K, 49% used [0x00000000c3a00000,0x00000000c7e9e308,0x00000000cc580000)
 PSPermGen       total 23040K, used 10173K [0x00000000be800000, 0x00000000bfe80000, 0x00000000c3a00000)
  object space 23040K, 44% used [0x00000000be800000,0x00000000bf1ef458,0x00000000bfe80000)
Event: 6,377 GC heap after
Heap after GC invocations=8 (full 2):
 PSYoungGen      total 56320K, used 30206K [0x00000000ebe00000, 0x00000000f2b00000, 0x0000000100000000)
  eden space 26112K, 0% used [0x00000000ebe00000,0x00000000ebe00000,0x00000000ed780000)
  from space 30208K, 99% used [0x00000000efb80000,0x00000000f18ffb98,0x00000000f1900000)
  to   space 36864K, 0% used [0x00000000ed780000,0x00000000ed780000,0x00000000efb80000)
 ParOldGen       total 142848K, used 71864K [0x00000000c3a00000, 0x00000000cc580000, 0x00000000ebe00000)
  object space 142848K, 50% used [0x00000000c3a00000,0x00000000c802e308,0x00000000cc580000)
 PSPermGen       total 23040K, used 10173K [0x00000000be800000, 0x00000000bfe80000, 0x00000000c3a00000)
  object space 23040K, 44% used [0x00000000be800000,0x00000000bf1ef458,0x00000000bfe80000)
}
Event: 8,155 GC heap before
{Heap before GC invocations=9 (full 2):
 PSYoungGen      total 56320K, used 56318K [0x00000000ebe00000, 0x00000000f2b00000, 0x0000000100000000)
  eden space 26112K, 100% used [0x00000000ebe00000,0x00000000ed780000,0x00000000ed780000)
  from space 30208K, 99% used [0x00000000efb80000,0x00000000f18ffb98,0x00000000f1900000)
  to   space 36864K, 0% used [0x00000000ed780000,0x00000000ed780000,0x00000000efb80000)
 ParOldGen       total 142848K, used 71864K [0x00000000c3a00000, 0x00000000cc580000, 0x00000000ebe00000)
  object space 142848K, 50% used [0x00000000c3a00000,0x00000000c802e308,0x00000000cc580000)
 PSPermGen       total 23040K, used 10173K [0x00000000be800000, 0x00000000bfe80000, 0x00000000c3a00000)
  object space 23040K, 44% used [0x00000000be800000,0x00000000bf1ef458,0x00000000bfe80000)
Event: 8,239 GC heap after
Heap after GC invocations=9 (full 2):
 PSYoungGen      total 62976K, used 36863K [0x00000000ebe00000, 0x00000000f4380000, 0x0000000100000000)
  eden space 26112K, 0% used [0x00000000ebe00000,0x00000000ebe00000,0x00000000ed780000)
  from space 36864K, 99% used [0x00000000ed780000,0x00000000efb7fd50,0x00000000efb80000)
  to   space 52736K, 0% used [0x00000000f1000000,0x00000000f1000000,0x00000000f4380000)
 ParOldGen       total 142848K, used 90856K [0x00000000c3a00000, 0x00000000cc580000, 0x00000000ebe00000)
  object space 142848K, 63% used [0x00000000c3a00000,0x00000000c92ba308,0x00000000cc580000)
 PSPermGen       total 23040K, used 10173K [0x00000000be800000, 0x00000000bfe80000, 0x00000000c3a00000)
  object space 23040K, 44% used [0x00000000be800000,0x00000000bf1ef458,0x00000000bfe80000)
}
Event: 10,612 GC heap before
{Heap before GC invocations=10 (full 2):
 PSYoungGen      total 62976K, used 62975K [0x00000000ebe00000, 0x00000000f4380000, 0x0000000100000000)
  eden space 26112K, 100% used [0x00000000ebe00000,0x00000000ed780000,0x00000000ed780000)
  from space 36864K, 99% used [0x00000000ed780000,0x00000000efb7fd50,0x00000000efb80000)
  to   space 52736K, 0% used [0x00000000f1000000,0x00000000f1000000,0x00000000f4380000)
 ParOldGen       total 142848K, used 90856K [0x00000000c3a00000, 0x00000000cc580000, 0x00000000ebe00000)
  object space 142848K, 63% used [0x00000000c3a00000,0x00000000c92ba308,0x00000000cc580000)
 PSPermGen       total 23040K, used 10173K [0x00000000be800000, 0x00000000bfe80000, 0x00000000c3a00000)
  object space 23040K, 44% used [0x00000000be800000,0x00000000bf1ef458,0x00000000bfe80000)
Event: 10,680 GC heap after
Heap after GC invocations=10 (full 2):
 PSYoungGen      total 70144K, used 52735K [0x00000000ebe00000, 0x00000000f5e80000, 0x0000000100000000)
  eden space 17408K, 0% used [0x00000000ebe00000,0x00000000ebe00000,0x00000000ecf00000)
  from space 52736K, 99% used [0x00000000f1000000,0x00000000f437fd50,0x00000000f4380000)
  to   space 66560K, 0% used [0x00000000ecf00000,0x00000000ecf00000,0x00000000f1000000)
 ParOldGen       total 142848K, used 101176K [0x00000000c3a00000, 0x00000000cc580000, 0x00000000ebe00000)
  object space 142848K, 70% used [0x00000000c3a00000,0x00000000c9cce308,0x00000000cc580000)
 PSPermGen       total 23040K, used 10173K [0x00000000be800000, 0x00000000bfe80000, 0x00000000c3a00000)
  object space 23040K, 44% used [0x00000000be800000,0x00000000bf1ef458,0x00000000bfe80000)
}
Event: 12,556 GC heap before
{Heap before GC invocations=11 (full 2):
 PSYoungGen      total 70144K, used 70143K [0x00000000ebe00000, 0x00000000f5e80000, 0x0000000100000000)
  eden space 17408K, 100% used [0x00000000ebe00000,0x00000000ecf00000,0x00000000ecf00000)
  from space 52736K, 99% used [0x00000000f1000000,0x00000000f437fd50,0x00000000f4380000)
  to   space 66560K, 0% used [0x00000000ecf00000,0x00000000ecf00000,0x00000000f1000000)
 ParOldGen       total 142848K, used 101176K [0x00000000c3a00000, 0x00000000cc580000, 0x00000000ebe00000)
  object space 142848K, 70% used [0x00000000c3a00000,0x00000000c9cce308,0x00000000cc580000)
 PSPermGen       total 23040K, used 10173K [0x00000000be800000, 0x00000000bfe80000, 0x00000000c3a00000)
  object space 23040K, 44% used [0x00000000be800000,0x00000000bf1ef458,0x00000000bfe80000)
Event: 12,627 GC heap after
Heap after GC invocations=11 (full 2):
 PSYoungGen      total 83968K, used 54463K [0x00000000ebe00000, 0x00000000f5f00000, 0x0000000100000000)
  eden space 17408K, 0% used [0x00000000ebe00000,0x00000000ebe00000,0x00000000ecf00000)
  from space 66560K, 81% used [0x00000000ecf00000,0x00000000f042fd50,0x00000000f1000000)
  to   space 72704K, 0% used [0x00000000f1800000,0x00000000f1800000,0x00000000f5f00000)
 ParOldGen       total 142848K, used 116992K [0x00000000c3a00000, 0x00000000cc580000, 0x00000000ebe00000)
  object space 142848K, 81% used [0x00000000c3a00000,0x00000000cac40308,0x00000000cc580000)
 PSPermGen       total 23040K, used 10173K [0x00000000be800000, 0x00000000bfe80000, 0x00000000c3a00000)
  object space 23040K, 44% used [0x00000000be800000,0x00000000bf1ef458,0x00000000bfe80000)
}
Event: 12,627 GC heap before
{Heap before GC invocations=12 (full 3):
 PSYoungGen      total 83968K, used 54463K [0x00000000ebe00000, 0x00000000f5f00000, 0x0000000100000000)
  eden space 17408K, 0% used [0x00000000ebe00000,0x00000000ebe00000,0x00000000ecf00000)
  from space 66560K, 81% used [0x00000000ecf00000,0x00000000f042fd50,0x00000000f1000000)
  to   space 72704K, 0% used [0x00000000f1800000,0x00000000f1800000,0x00000000f5f00000)
 ParOldGen       total 142848K, used 116992K [0x00000000c3a00000, 0x00000000cc580000, 0x00000000ebe00000)
  object space 142848K, 81% used [0x00000000c3a00000,0x00000000cac40308,0x00000000cc580000)
 PSPermGen       total 23040K, used 10173K [0x00000000be800000, 0x00000000bfe80000, 0x00000000c3a00000)
  object space 23040K, 44% used [0x00000000be800000,0x00000000bf1ef458,0x00000000bfe80000)
Event: 13,503 GC heap after
Heap after GC invocations=12 (full 3):
 PSYoungGen      total 83968K, used 27759K [0x00000000ebe00000, 0x00000000f5f00000, 0x0000000100000000)
  eden space 17408K, 0% used [0x00000000ebe00000,0x00000000ebe00000,0x00000000ecf00000)
  from space 66560K, 41% used [0x00000000ecf00000,0x00000000eea1bc80,0x00000000f1000000)
  to   space 72704K, 0% used [0x00000000f1800000,0x00000000f1800000,0x00000000f5f00000)
 ParOldGen       total 237056K, used 142439K [0x00000000c3a00000, 0x00000000d2180000, 0x00000000ebe00000)
  object space 237056K, 60% used [0x00000000c3a00000,0x00000000cc519e70,0x00000000d2180000)
 PSPermGen       total 22528K, used 10173K [0x00000000be800000, 0x00000000bfe00000, 0x00000000c3a00000)
  object space 22528K, 45% used [0x00000000be800000,0x00000000bf1ef458,0x00000000bfe00000)
}

