# JRE version: Java(TM) SE Runtime Environment (7.0_45-b18) (build 1.7.0_45-b18)
# Java VM: Java HotSpot(TM) 64-Bit Server VM (24.45-b08 mixed mode linux-amd64 compressed oops)
Heap
 PSYoungGen      total 20480K, used 11606K [0x00000000ebe00000, 0x00000000ed680000, 0x0000000100000000)
  eden space 15872K, 56% used [0x00000000ebe00000,0x00000000ec6cd8d0,0x00000000ecd80000)
  from space 4608K, 56% used [0x00000000ecd80000,0x00000000ed008010,0x00000000ed200000)
  to   space 4608K, 0% used [0x00000000ed200000,0x00000000ed200000,0x00000000ed680000)
 ParOldGen       total 40960K, used 6639K [0x00000000c3a00000, 0x00000000c6200000, 0x00000000ebe00000)
  object space 40960K, 16% used [0x00000000c3a00000,0x00000000c407bde8,0x00000000c6200000)
 PSPermGen       total 21504K, used 8839K [0x00000000be800000, 0x00000000bfd00000, 0x00000000c3a00000)
  object space 21504K, 41% used [0x00000000be800000,0x00000000bf0a1e78,0x00000000bfd00000)
GC Heap History (10 events):
Event: 4,715 GC heap before
{Heap before GC invocations=3 (full 0):
 PSYoungGen      total 18432K, used 18405K [0x00000000ebe00000, 0x00000000ed280000, 0x0000000100000000)
  eden space 15872K, 100% used [0x00000000ebe00000,0x00000000ecd80000,0x00000000ecd80000)
  from space 2560K, 98% used [0x00000000ed000000,0x00000000ed279660,0x00000000ed280000)
  to   space 2560K, 0% used [0x00000000ecd80000,0x00000000ecd80000,0x00000000ed000000)
 ParOldGen       total 40960K, used 2997K [0x00000000c3a00000, 0x00000000c6200000, 0x00000000ebe00000)
  object space 40960K, 7% used [0x00000000c3a00000,0x00000000c3ced6d0,0x00000000c6200000)
 PSPermGen       total 21504K, used 8676K [0x00000000be800000, 0x00000000bfd00000, 0x00000000c3a00000)
  object space 21504K, 40% used [0x00000000be800000,0x00000000bf079290,0x00000000bfd00000)
Event: 4,721 GC heap after
Heap after GC invocations=3 (full 0):
 PSYoungGen      total 18432K, used 2545K [0x00000000ebe00000, 0x00000000ed280000, 0x0000000100000000)
  eden space 15872K, 0% used [0x00000000ebe00000,0x00000000ebe00000,0x00000000ecd80000)
  from space 2560K, 99% used [0x00000000ecd80000,0x00000000ecffc448,0x00000000ed000000)
  to   space 2560K, 0% used [0x00000000ed000000,0x00000000ed000000,0x00000000ed280000)
 ParOldGen       total 40960K, used 3655K [0x00000000c3a00000, 0x00000000c6200000, 0x00000000ebe00000)
  object space 40960K, 8% used [0x00000000c3a00000,0x00000000c3d91e88,0x00000000c6200000)
 PSPermGen       total 21504K, used 8676K [0x00000000be800000, 0x00000000bfd00000, 0x00000000c3a00000)
  object space 21504K, 40% used [0x00000000be800000,0x00000000bf079290,0x00000000bfd00000)
}
Event: 9,446 GC heap before
{Heap before GC invocations=4 (full 0):
 PSYoungGen      total 18432K, used 18417K [0x00000000ebe00000, 0x00000000ed280000, 0x0000000100000000)
  eden space 15872K, 100% used [0x00000000ebe00000,0x00000000ecd80000,0x00000000ecd80000)
  from space 2560K, 99% used [0x00000000ecd80000,0x00000000ecffc448,0x00000000ed000000)
  to   space 2560K, 0% used [0x00000000ed000000,0x00000000ed000000,0x00000000ed280000)
 ParOldGen       total 40960K, used 3655K [0x00000000c3a00000, 0x00000000c6200000, 0x00000000ebe00000)
  object space 40960K, 8% used [0x00000000c3a00000,0x00000000c3d91e88,0x00000000c6200000)
 PSPermGen       total 21504K, used 8794K [0x00000000be800000, 0x00000000bfd00000, 0x00000000c3a00000)
  object space 21504K, 40% used [0x00000000be800000,0x00000000bf096ab8,0x00000000bfd00000)
Event: 9,451 GC heap after
Heap after GC invocations=4 (full 0):
 PSYoungGen      total 18432K, used 2557K [0x00000000ebe00000, 0x00000000ed280000, 0x0000000100000000)
  eden space 15872K, 0% used [0x00000000ebe00000,0x00000000ebe00000,0x00000000ecd80000)
  from space 2560K, 99% used [0x00000000ed000000,0x00000000ed27f410,0x00000000ed280000)
  to   space 2560K, 0% used [0x00000000ecd80000,0x00000000ecd80000,0x00000000ed000000)
 ParOldGen       total 40960K, used 4516K [0x00000000c3a00000, 0x00000000c6200000, 0x00000000ebe00000)
  object space 40960K, 11% used [0x00000000c3a00000,0x00000000c3e69118,0x00000000c6200000)
 PSPermGen       total 21504K, used 8794K [0x00000000be800000, 0x00000000bfd00000, 0x00000000c3a00000)
  object space 21504K, 40% used [0x00000000be800000,0x00000000bf096ab8,0x00000000bfd00000)
}
Event: 11,744 GC heap before
{Heap before GC invocations=5 (full 0):
 PSYoungGen      total 18432K, used 18429K [0x00000000ebe00000, 0x00000000ed280000, 0x0000000100000000)
  eden space 15872K, 100% used [0x00000000ebe00000,0x00000000ecd80000,0x00000000ecd80000)
  from space 2560K, 99% used [0x00000000ed000000,0x00000000ed27f410,0x00000000ed280000)
  to   space 2560K, 0% used [0x00000000ecd80000,0x00000000ecd80000,0x00000000ed000000)
 ParOldGen       total 40960K, used 4516K [0x00000000c3a00000, 0x00000000c6200000, 0x00000000ebe00000)
  object space 40960K, 11% used [0x00000000c3a00000,0x00000000c3e69118,0x00000000c6200000)
 PSPermGen       total 21504K, used 8807K [0x00000000be800000, 0x00000000bfd00000, 0x00000000c3a00000)
  object space 21504K, 40% used [0x00000000be800000,0x00000000bf099d88,0x00000000bfd00000)
Event: 11,750 GC heap after
Heap after GC invocations=5 (full 0):
 PSYoungGen      total 18432K, used 2545K [0x00000000ebe00000, 0x00000000ed680000, 0x0000000100000000)
  eden space 15872K, 0% used [0x00000000ebe00000,0x00000000ebe00000,0x00000000ecd80000)
  from space 2560K, 99% used [0x00000000ecd80000,0x00000000ecffc758,0x00000000ed000000)
  to   space 4608K, 0% used [0x00000000ed200000,0x00000000ed200000,0x00000000ed680000)
 ParOldGen       total 40960K, used 5493K [0x00000000c3a00000, 0x00000000c6200000, 0x00000000ebe00000)
  object space 40960K, 13% used [0x00000000c3a00000,0x00000000c3f5d498,0x00000000c6200000)
 PSPermGen       total 21504K, used 8807K [0x00000000be800000, 0x00000000bfd00000, 0x00000000c3a00000)
  object space 21504K, 40% used [0x00000000be800000,0x00000000bf099d88,0x00000000bfd00000)
}
Event: 16,351 GC heap before
{Heap before GC invocations=6 (full 0):
 PSYoungGen      total 18432K, used 18417K [0x00000000ebe00000, 0x00000000ed680000, 0x0000000100000000)
  eden space 15872K, 100% used [0x00000000ebe00000,0x00000000ecd80000,0x00000000ecd80000)
  from space 2560K, 99% used [0x00000000ecd80000,0x00000000ecffc758,0x00000000ed000000)
  to   space 4608K, 0% used [0x00000000ed200000,0x00000000ed200000,0x00000000ed680000)
 ParOldGen       total 40960K, used 5493K [0x00000000c3a00000, 0x00000000c6200000, 0x00000000ebe00000)
  object space 40960K, 13% used [0x00000000c3a00000,0x00000000c3f5d498,0x00000000c6200000)
 PSPermGen       total 21504K, used 8824K [0x00000000be800000, 0x00000000bfd00000, 0x00000000c3a00000)
  object space 21504K, 41% used [0x00000000be800000,0x00000000bf09e318,0x00000000bfd00000)
Event: 16,359 GC heap after
Heap after GC invocations=6 (full 0):
 PSYoungGen      total 20480K, used 3761K [0x00000000ebe00000, 0x00000000ed680000, 0x0000000100000000)
  eden space 15872K, 0% used [0x00000000ebe00000,0x00000000ebe00000,0x00000000ecd80000)
  from space 4608K, 81% used [0x00000000ed200000,0x00000000ed5ac738,0x00000000ed680000)
  to   space 4608K, 0% used [0x00000000ecd80000,0x00000000ecd80000,0x00000000ed200000)
 ParOldGen       total 40960K, used 5493K [0x00000000c3a00000, 0x00000000c6200000, 0x00000000ebe00000)
  object space 40960K, 13% used [0x00000000c3a00000,0x00000000c3f5d498,0x00000000c6200000)
 PSPermGen       total 21504K, used 8824K [0x00000000be800000, 0x00000000bfd00000, 0x00000000c3a00000)
  object space 21504K, 41% used [0x00000000be800000,0x00000000bf09e318,0x00000000bfd00000)
}
Event: 29,630 GC heap before
{Heap before GC invocations=7 (full 0):
 PSYoungGen      total 20480K, used 19633K [0x00000000ebe00000, 0x00000000ed680000, 0x0000000100000000)
  eden space 15872K, 100% used [0x00000000ebe00000,0x00000000ecd80000,0x00000000ecd80000)
  from space 4608K, 81% used [0x00000000ed200000,0x00000000ed5ac738,0x00000000ed680000)
  to   space 4608K, 0% used [0x00000000ecd80000,0x00000000ecd80000,0x00000000ed200000)
 ParOldGen       total 40960K, used 5493K [0x00000000c3a00000, 0x00000000c6200000, 0x00000000ebe00000)
  object space 40960K, 13% used [0x00000000c3a00000,0x00000000c3f5d498,0x00000000c6200000)
 PSPermGen       total 21504K, used 8836K [0x00000000be800000, 0x00000000bfd00000, 0x00000000c3a00000)
  object space 21504K, 41% used [0x00000000be800000,0x00000000bf0a10e8,0x00000000bfd00000)
Event: 29,641 GC heap after
Heap after GC invocations=7 (full 0):
 PSYoungGen      total 20480K, used 2592K [0x00000000ebe00000, 0x00000000ed680000, 0x0000000100000000)
  eden space 15872K, 0% used [0x00000000ebe00000,0x00000000ebe00000,0x00000000ecd80000)
  from space 4608K, 56% used [0x00000000ecd80000,0x00000000ed008010,0x00000000ed200000)
  to   space 4608K, 0% used [0x00000000ed200000,0x00000000ed200000,0x00000000ed680000)
 ParOldGen       total 40960K, used 6639K [0x00000000c3a00000, 0x00000000c6200000, 0x00000000ebe00000)
  object space 40960K, 16% used [0x00000000c3a00000,0x00000000c407bde8,0x00000000c6200000)
 PSPermGen       total 21504K, used 8836K [0x00000000be800000, 0x00000000bfd00000, 0x00000000c3a00000)
  object space 21504K, 41% used [0x00000000be800000,0x00000000bf0a10e8,0x00000000bfd00000)
}

