# JRE version: Java(TM) SE Runtime Environment (7.0_45-b18) (build 1.7.0_45-b18)
# Java VM: Java HotSpot(TM) 64-Bit Server VM (24.45-b08 mixed mode linux-amd64 compressed oops)
Heap
 PSYoungGen      total 61440K, used 33226K [0x00000000ebe00000, 0x00000000f3480000, 0x0000000100000000)
  eden space 4608K, 30% used [0x00000000ebe00000,0x00000000ebf5a810,0x00000000ec280000)
  from space 56832K, 56% used [0x00000000efd00000,0x00000000f1c18000,0x00000000f3480000)
  to   space 58368K, 0% used [0x00000000ec280000,0x00000000ec280000,0x00000000efb80000)
 ParOldGen       total 351232K, used 272427K [0x00000000c3a00000, 0x00000000d9100000, 0x00000000ebe00000)
  object space 351232K, 77% used [0x00000000c3a00000,0x00000000d440ad78,0x00000000d9100000)
 PSPermGen       total 21504K, used 10163K [0x00000000be800000, 0x00000000bfd00000, 0x00000000c3a00000)
  object space 21504K, 47% used [0x00000000be800000,0x00000000bf1ecd88,0x00000000bfd00000)
GC Heap History (10 events):
Event: 38,700 GC heap before
{Heap before GC invocations=52 (full 4):
 PSYoungGen      total 37376K, used 36960K [0x00000000ebe00000, 0x00000000f4380000, 0x0000000100000000)
  eden space 3072K, 100% used [0x00000000ebe00000,0x00000000ec100000,0x00000000ec100000)
  from space 34304K, 98% used [0x00000000ec100000,0x00000000ee218000,0x00000000ee280000)
  to   space 66560K, 0% used [0x00000000f0280000,0x00000000f0280000,0x00000000f4380000)
 ParOldGen       total 351232K, used 251803K [0x00000000c3a00000, 0x00000000d9100000, 0x00000000ebe00000)
  object space 351232K, 71% used [0x00000000c3a00000,0x00000000d2fe6d78,0x00000000d9100000)
 PSPermGen       total 21504K, used 10163K [0x00000000be800000, 0x00000000bfd00000, 0x00000000c3a00000)
  object space 21504K, 47% used [0x00000000be800000,0x00000000bf1ecd88,0x00000000bfd00000)
Event: 38,744 GC heap after
Heap after GC invocations=52 (full 4):
 PSYoungGen      total 66048K, used 32864K [0x00000000ebe00000, 0x00000000f3f80000, 0x0000000100000000)
  eden space 3584K, 0% used [0x00000000ebe00000,0x00000000ebe00000,0x00000000ec180000)
  from space 62464K, 52% used [0x00000000f0280000,0x00000000f2298000,0x00000000f3f80000)
  to   space 64512K, 0% used [0x00000000ec180000,0x00000000ec180000,0x00000000f0080000)
 ParOldGen       total 351232K, used 255923K [0x00000000c3a00000, 0x00000000d9100000, 0x00000000ebe00000)
  object space 351232K, 72% used [0x00000000c3a00000,0x00000000d33ecd78,0x00000000d9100000)
 PSPermGen       total 21504K, used 10163K [0x00000000be800000, 0x00000000bfd00000, 0x00000000c3a00000)
  object space 21504K, 47% used [0x00000000be800000,0x00000000bf1ecd88,0x00000000bfd00000)
}
Event: 39,554 GC heap before
{Heap before GC invocations=53 (full 4):
 PSYoungGen      total 66048K, used 36448K [0x00000000ebe00000, 0x00000000f3f80000, 0x0000000100000000)
  eden space 3584K, 100% used [0x00000000ebe00000,0x00000000ec180000,0x00000000ec180000)
  from space 62464K, 52% used [0x00000000f0280000,0x00000000f2298000,0x00000000f3f80000)
  to   space 64512K, 0% used [0x00000000ec180000,0x00000000ec180000,0x00000000f0080000)
 ParOldGen       total 351232K, used 255923K [0x00000000c3a00000, 0x00000000d9100000, 0x00000000ebe00000)
  object space 351232K, 72% used [0x00000000c3a00000,0x00000000d33ecd78,0x00000000d9100000)
 PSPermGen       total 21504K, used 10163K [0x00000000be800000, 0x00000000bfd00000, 0x00000000c3a00000)
  object space 21504K, 47% used [0x00000000be800000,0x00000000bf1ecd88,0x00000000bfd00000)
Event: 39,591 GC heap after
Heap after GC invocations=53 (full 4):
 PSYoungGen      total 36352K, used 32352K [0x00000000ebe00000, 0x00000000f3d00000, 0x0000000100000000)
  eden space 3584K, 0% used [0x00000000ebe00000,0x00000000ebe00000,0x00000000ec180000)
  from space 32768K, 98% used [0x00000000ec180000,0x00000000ee118000,0x00000000ee180000)
  to   space 62976K, 0% used [0x00000000eff80000,0x00000000eff80000,0x00000000f3d00000)
 ParOldGen       total 351232K, used 260043K [0x00000000c3a00000, 0x00000000d9100000, 0x00000000ebe00000)
  object space 351232K, 74% used [0x00000000c3a00000,0x00000000d37f2d78,0x00000000d9100000)
 PSPermGen       total 21504K, used 10163K [0x00000000be800000, 0x00000000bfd00000, 0x00000000c3a00000)
  object space 21504K, 47% used [0x00000000be800000,0x00000000bf1ecd88,0x00000000bfd00000)
}
Event: 40,382 GC heap before
{Heap before GC invocations=54 (full 4):
 PSYoungGen      total 36352K, used 35936K [0x00000000ebe00000, 0x00000000f3d00000, 0x0000000100000000)
  eden space 3584K, 100% used [0x00000000ebe00000,0x00000000ec180000,0x00000000ec180000)
  from space 32768K, 98% used [0x00000000ec180000,0x00000000ee118000,0x00000000ee180000)
  to   space 62976K, 0% used [0x00000000eff80000,0x00000000eff80000,0x00000000f3d00000)
 ParOldGen       total 351232K, used 260043K [0x00000000c3a00000, 0x00000000d9100000, 0x00000000ebe00000)
  object space 351232K, 74% used [0x00000000c3a00000,0x00000000d37f2d78,0x00000000d9100000)
 PSPermGen       total 21504K, used 10163K [0x00000000be800000, 0x00000000bfd00000, 0x00000000c3a00000)
  object space 21504K, 47% used [0x00000000be800000,0x00000000bf1ecd88,0x00000000bfd00000)
Event: 40,442 GC heap after
Heap after GC invocations=54 (full 4):
 PSYoungGen      total 64000K, used 31328K [0x00000000ebe00000, 0x00000000f3a00000, 0x0000000100000000)
  eden space 4096K, 0% used [0x00000000ebe00000,0x00000000ebe00000,0x00000000ec200000)
  from space 59904K, 52% used [0x00000000eff80000,0x00000000f1e18000,0x00000000f3a00000)
  to   space 61440K, 0% used [0x00000000ec200000,0x00000000ec200000,0x00000000efe00000)
 ParOldGen       total 351232K, used 264691K [0x00000000c3a00000, 0x00000000d9100000, 0x00000000ebe00000)
  object space 351232K, 75% used [0x00000000c3a00000,0x00000000d3c7cd78,0x00000000d9100000)
 PSPermGen       total 21504K, used 10163K [0x00000000be800000, 0x00000000bfd00000, 0x00000000c3a00000)
  object space 21504K, 47% used [0x00000000be800000,0x00000000bf1ecd88,0x00000000bfd00000)
}
Event: 41,511 GC heap before
{Heap before GC invocations=55 (full 4):
 PSYoungGen      total 64000K, used 35424K [0x00000000ebe00000, 0x00000000f3a00000, 0x0000000100000000)
  eden space 4096K, 100% used [0x00000000ebe00000,0x00000000ec200000,0x00000000ec200000)
  from space 59904K, 52% used [0x00000000eff80000,0x00000000f1e18000,0x00000000f3a00000)
  to   space 61440K, 0% used [0x00000000ec200000,0x00000000ec200000,0x00000000efe00000)
 ParOldGen       total 351232K, used 264691K [0x00000000c3a00000, 0x00000000d9100000, 0x00000000ebe00000)
  object space 351232K, 75% used [0x00000000c3a00000,0x00000000d3c7cd78,0x00000000d9100000)
 PSPermGen       total 21504K, used 10163K [0x00000000be800000, 0x00000000bfd00000, 0x00000000c3a00000)
  object space 21504K, 47% used [0x00000000be800000,0x00000000bf1ecd88,0x00000000bfd00000)
Event: 41,563 GC heap after
Heap after GC invocations=55 (full 4):
 PSYoungGen      total 35328K, used 30816K [0x00000000ebe00000, 0x00000000f3780000, 0x0000000100000000)
  eden space 4096K, 0% used [0x00000000ebe00000,0x00000000ebe00000,0x00000000ec200000)
  from space 31232K, 98% used [0x00000000ec200000,0x00000000ee018000,0x00000000ee080000)
  to   space 59904K, 0% used [0x00000000efd00000,0x00000000efd00000,0x00000000f3780000)
 ParOldGen       total 351232K, used 269339K [0x00000000c3a00000, 0x00000000d9100000, 0x00000000ebe00000)
  object space 351232K, 76% used [0x00000000c3a00000,0x00000000d4106d78,0x00000000d9100000)
 PSPermGen       total 21504K, used 10163K [0x00000000be800000, 0x00000000bfd00000, 0x00000000c3a00000)
  object space 21504K, 47% used [0x00000000be800000,0x00000000bf1ecd88,0x00000000bfd00000)
}
Event: 42,731 GC heap before
{Heap before GC invocations=56 (full 4):
 PSYoungGen      total 35328K, used 34912K [0x00000000ebe00000, 0x00000000f3780000, 0x0000000100000000)
  eden space 4096K, 100% used [0x00000000ebe00000,0x00000000ec200000,0x00000000ec200000)
  from space 31232K, 98% used [0x00000000ec200000,0x00000000ee018000,0x00000000ee080000)
  to   space 59904K, 0% used [0x00000000efd00000,0x00000000efd00000,0x00000000f3780000)
 ParOldGen       total 351232K, used 269339K [0x00000000c3a00000, 0x00000000d9100000, 0x00000000ebe00000)
  object space 351232K, 76% used [0x00000000c3a00000,0x00000000d4106d78,0x00000000d9100000)
 PSPermGen       total 21504K, used 10163K [0x00000000be800000, 0x00000000bfd00000, 0x00000000c3a00000)
  object space 21504K, 47% used [0x00000000be800000,0x00000000bf1ecd88,0x00000000bfd00000)
Event: 42,796 GC heap after
Heap after GC invocations=56 (full 4):
 PSYoungGen      total 61440K, used 31840K [0x00000000ebe00000, 0x00000000f3480000, 0x0000000100000000)
  eden space 4608K, 0% used [0x00000000ebe00000,0x00000000ebe00000,0x00000000ec280000)
  from space 56832K, 56% used [0x00000000efd00000,0x00000000f1c18000,0x00000000f3480000)
  to   space 58368K, 0% used [0x00000000ec280000,0x00000000ec280000,0x00000000efb80000)
 ParOldGen       total 351232K, used 272427K [0x00000000c3a00000, 0x00000000d9100000, 0x00000000ebe00000)
  object space 351232K, 77% used [0x00000000c3a00000,0x00000000d440ad78,0x00000000d9100000)
 PSPermGen       total 21504K, used 10163K [0x00000000be800000, 0x00000000bfd00000, 0x00000000c3a00000)
  object space 21504K, 47% used [0x00000000be800000,0x00000000bf1ecd88,0x00000000bfd00000)
}

